\BOOKMARK [1][-]{Doc-Start}{Resum }{}% 1
\BOOKMARK [1][-]{chapter*.1}{Agra\357ments}{}% 2
\BOOKMARK [1][-]{chapter*.2}{Historial de revisi\363 i aprovaci\363}{}% 3
\BOOKMARK [1][-]{chapter*.2}{\315ndex}{}% 4
\BOOKMARK [1][-]{chapter*.4}{\315ndex de figures }{}% 5
\BOOKMARK [1][-]{chapter*.5}{\315ndex de taules }{}% 6
\BOOKMARK [1][-]{chapter*.5}{Sigles i acr\362nims}{}% 7
\BOOKMARK [0][-]{chapter.1}{Introducci\363}{}% 8
\BOOKMARK [1][-]{section.1.1}{Objectius del treball}{chapter.1}% 9
\BOOKMARK [1][-]{section.1.2}{Requisits i especificacions}{chapter.1}% 10
\BOOKMARK [1][-]{section.1.3}{M\350todes i procediments}{chapter.1}% 11
\BOOKMARK [1][-]{section.1.4}{Pla de treball}{chapter.1}% 12
\BOOKMARK [0][-]{chapter.2}{Estat de l'art}{}% 13
\BOOKMARK [1][-]{section.2.1}{Internet of Medical Things \(IoMT\)}{chapter.2}% 14
\BOOKMARK [1][-]{section.2.2}{Message Queuing Telemetry Transport \(MQTT\)}{chapter.2}% 15
\BOOKMARK [1][-]{section.2.3}{Altres protocols en l'entorn IoMT}{chapter.2}% 16
\BOOKMARK [0][-]{chapter.3}{Metodologia / desenvolupament del projecte}{}% 17
\BOOKMARK [1][-]{section.3.1}{Introducci\363 d'expressions matem\340tiques}{chapter.3}% 18
\BOOKMARK [2][-]{subsection.3.1.1}{Matem\340tiques en l\355nia i a\357llades}{section.3.1}% 19
\BOOKMARK [2][-]{subsection.3.1.2}{Numeraci\363 i agrupaci\363 d'equacions}{section.3.1}% 20
\BOOKMARK [2][-]{subsection.3.1.3}{Introducci\363 de matrius}{section.3.1}% 21
\BOOKMARK [1][-]{section.3.2}{Taules}{chapter.3}% 22
\BOOKMARK [1][-]{section.3.3}{Diagrames}{chapter.3}% 23
\BOOKMARK [1][-]{section.3.4}{Gr\340fiques}{chapter.3}% 24
\BOOKMARK [1][-]{section.3.5}{Llistats de codi}{chapter.3}% 25
\BOOKMARK [1][-]{section.3.6}{Unitats}{chapter.3}% 26
\BOOKMARK [0][-]{chapter.4}{Resultats}{}% 27
\BOOKMARK [1][-]{section.4.1}{Experiments i proves}{chapter.4}% 28
\BOOKMARK [1][-]{section.4.2}{Visualitzaci\363 de les dades}{chapter.4}% 29
\BOOKMARK [1][-]{section.4.3}{Limitacions}{chapter.4}% 30
\BOOKMARK [0][-]{chapter.5}{An\340lisi de sostenibilitat i implicacions \350tiques}{}% 31
\BOOKMARK [0][-]{chapter.6}{Conclusions i L\355nies Futures}{}% 32
\BOOKMARK [1][-]{section.6.1}{Conclusions}{chapter.6}% 33
\BOOKMARK [1][-]{section.6.2}{L\355nies Futures}{chapter.6}% 34
\BOOKMARK [0][-]{chapter*.12}{Bibliografia}{}% 35
\BOOKMARK [0][-]{appendix.A}{Un ap\350ndix}{}% 36
